# JRE version: OpenJDK Runtime Environment Temurin-17.0.6+10 (17.0.6+10) (build 17.0.6+10)
# Java VM: OpenJDK 64-Bit Server VM Temurin-17.0.6+10 (17.0.6+10, mixed mode, tiered, compressed oops, compressed class ptrs, parallel gc, linux-amd64)
GC Precious Log:
 CPUs: 4 total, 4 available
 Memory: 15858M
 Large Page Support: Disabled
 NUMA Support: Disabled
 Compressed Oops: Enabled (32-bit)
 Alignments: Space 512K, Generation 512K, Heap 2M
 Heap Min Capacity: 100M
 Heap Initial Capacity: 100M
 Heap Max Capacity: 1G
 Pre-touch: Disabled
 Parallel Workers: 4
Heap:
 PSYoungGen      total 19968K, used 9720K [0x00000000eab00000, 0x00000000ed400000, 0x0000000100000000)
  eden space 10240K, 0% used [0x00000000eab00000,0x00000000eab00000,0x00000000eb500000)
  from space 9728K, 99% used [0x00000000ec280000,0x00000000ecbfe020,0x00000000ecc00000)
  to   space 13824K, 0% used [0x00000000eb500000,0x00000000eb500000,0x00000000ec280000)
 ParOldGen       total 126976K, used 126278K [0x00000000c0000000, 0x00000000c7c00000, 0x00000000eab00000)
  object space 126976K, 99% used [0x00000000c0000000,0x00000000c7b51960,0x00000000c7c00000)
 Metaspace       used 73116K, committed 74240K, reserved 1122304K
  class space    used 7719K, committed 8192K, reserved 1048576K
GC Heap History (20 events):
Event: 10115,317 GC heap after
{Heap after GC invocations=70 (full 4):
 PSYoungGen      total 24064K, used 9319K [0x00000000eab00000, 0x00000000ecc00000, 0x0000000100000000)
  eden space 14336K, 0% used [0x00000000eab00000,0x00000000eab00000,0x00000000eb900000)
  from space 9728K, 95% used [0x00000000ebb80000,0x00000000ec499d60,0x00000000ec500000)
  to   space 7168K, 0% used [0x00000000ec500000,0x00000000ec500000,0x00000000ecc00000)
 ParOldGen       total 126976K, used 115788K [0x00000000c0000000, 0x00000000c7c00000, 0x00000000eab00000)
  object space 126976K, 91% used [0x00000000c0000000,0x00000000c71132e0,0x00000000c7c00000)
 Metaspace       used 72115K, committed 73216K, reserved 1122304K
  class space    used 7619K, committed 8128K, reserved 1048576K
}
Event: 10115,532 GC heap before
{Heap before GC invocations=71 (full 4):
 PSYoungGen      total 24064K, used 23655K [0x00000000eab00000, 0x00000000ecc00000, 0x0000000100000000)
  eden space 14336K, 99% used [0x00000000eab00000,0x00000000eb8fffd8,0x00000000eb900000)
  from space 9728K, 95% used [0x00000000ebb80000,0x00000000ec499d60,0x00000000ec500000)
  to   space 7168K, 0% used [0x00000000ec500000,0x00000000ec500000,0x00000000ecc00000)
 ParOldGen       total 126976K, used 115788K [0x00000000c0000000, 0x00000000c7c00000, 0x00000000eab00000)
  object space 126976K, 91% used [0x00000000c0000000,0x00000000c71132e0,0x00000000c7c00000)
 Metaspace       used 72155K, committed 73280K, reserved 1122304K
  class space    used 7619K, committed 8128K, reserved 1048576K
}
Event: 10115,549 GC heap after
{Heap after GC invocations=71 (full 4):
 PSYoungGen      total 21504K, used 7161K [0x00000000eab00000, 0x00000000ece00000, 0x0000000100000000)
  eden space 14336K, 0% used [0x00000000eab00000,0x00000000eab00000,0x00000000eb900000)
  from space 7168K, 99% used [0x00000000ec500000,0x00000000ecbfe7f0,0x00000000ecc00000)
  to   space 10752K, 0% used [0x00000000eb900000,0x00000000eb900000,0x00000000ec380000)
 ParOldGen       total 126976K, used 119000K [0x00000000c0000000, 0x00000000c7c00000, 0x00000000eab00000)
  object space 126976K, 93% used [0x00000000c0000000,0x00000000c7436180,0x00000000c7c00000)
 Metaspace       used 72155K, committed 73280K, reserved 1122304K
  class space    used 7619K, committed 8128K, reserved 1048576K
}
Event: 10116,753 GC heap before
{Heap before GC invocations=72 (full 4):
 PSYoungGen      total 21504K, used 21497K [0x00000000eab00000, 0x00000000ece00000, 0x0000000100000000)
  eden space 14336K, 100% used [0x00000000eab00000,0x00000000eb900000,0x00000000eb900000)
  from space 7168K, 99% used [0x00000000ec500000,0x00000000ecbfe7f0,0x00000000ecc00000)
  to   space 10752K, 0% used [0x00000000eb900000,0x00000000eb900000,0x00000000ec380000)
 ParOldGen       total 126976K, used 119000K [0x00000000c0000000, 0x00000000c7c00000, 0x00000000eab00000)
  object space 126976K, 93% used [0x00000000c0000000,0x00000000c7436180,0x00000000c7c00000)
 Metaspace       used 72210K, committed 73344K, reserved 1122304K
  class space    used 7620K, committed 8128K, reserved 1048576K
}
Event: 10116,769 GC heap after
{Heap after GC invocations=72 (full 4):
 PSYoungGen      total 20480K, used 5859K [0x00000000eab00000, 0x00000000ec800000, 0x0000000100000000)
  eden space 14336K, 0% used [0x00000000eab00000,0x00000000eab00000,0x00000000eb900000)
  from space 6144K, 95% used [0x00000000eb900000,0x00000000ebeb8eb0,0x00000000ebf00000)
  to   space 7680K, 0% used [0x00000000ec080000,0x00000000ec080000,0x00000000ec800000)
 ParOldGen       total 126976K, used 119072K [0x00000000c0000000, 0x00000000c7c00000, 0x00000000eab00000)
  object space 126976K, 93% used [0x00000000c0000000,0x00000000c7448180,0x00000000c7c00000)
 Metaspace       used 72210K, committed 73344K, reserved 1122304K
  class space    used 7620K, committed 8128K, reserved 1048576K
}
Event: 10117,016 GC heap before
{Heap before GC invocations=73 (full 4):
 PSYoungGen      total 20480K, used 20195K [0x00000000eab00000, 0x00000000ec800000, 0x0000000100000000)
  eden space 14336K, 100% used [0x00000000eab00000,0x00000000eb900000,0x00000000eb900000)
  from space 6144K, 95% used [0x00000000eb900000,0x00000000ebeb8eb0,0x00000000ebf00000)
  to   space 7680K, 0% used [0x00000000ec080000,0x00000000ec080000,0x00000000ec800000)
 ParOldGen       total 126976K, used 119072K [0x00000000c0000000, 0x00000000c7c00000, 0x00000000eab00000)
  object space 126976K, 93% used [0x00000000c0000000,0x00000000c7448180,0x00000000c7c00000)
 Metaspace       used 72323K, committed 73408K, reserved 1122304K
  class space    used 7633K, committed 8128K, reserved 1048576K
}
Event: 10117,031 GC heap after
{Heap after GC invocations=73 (full 4):
 PSYoungGen      total 20992K, used 6451K [0x00000000eab00000, 0x00000000ec700000, 0x0000000100000000)
  eden space 14336K, 0% used [0x00000000eab00000,0x00000000eab00000,0x00000000eb900000)
  from space 6656K, 96% used [0x00000000ec080000,0x00000000ec6ccec0,0x00000000ec700000)
  to   space 6656K, 0% used [0x00000000eba00000,0x00000000eba00000,0x00000000ec080000)
 ParOldGen       total 126976K, used 119072K [0x00000000c0000000, 0x00000000c7c00000, 0x00000000eab00000)
  object space 126976K, 93% used [0x00000000c0000000,0x00000000c7448180,0x00000000c7c00000)
 Metaspace       used 72323K, committed 73408K, reserved 1122304K
  class space    used 7633K, committed 8128K, reserved 1048576K
}
Event: 10118,498 GC heap before
{Heap before GC invocations=74 (full 4):
 PSYoungGen      total 20992K, used 20787K [0x00000000eab00000, 0x00000000ec700000, 0x0000000100000000)
  eden space 14336K, 100% used [0x00000000eab00000,0x00000000eb900000,0x00000000eb900000)
  from space 6656K, 96% used [0x00000000ec080000,0x00000000ec6ccec0,0x00000000ec700000)
  to   space 6656K, 0% used [0x00000000eba00000,0x00000000eba00000,0x00000000ec080000)
 ParOldGen       total 126976K, used 119072K [0x00000000c0000000, 0x00000000c7c00000, 0x00000000eab00000)
  object space 126976K, 93% used [0x00000000c0000000,0x00000000c7448180,0x00000000c7c00000)
 Metaspace       used 72829K, committed 73984K, reserved 1122304K
  class space    used 7712K, committed 8192K, reserved 1048576K
}
Event: 10118,504 GC heap after
{Heap after GC invocations=74 (full 4):
 PSYoungGen      total 19968K, used 5315K [0x00000000eab00000, 0x00000000ec500000, 0x0000000100000000)
  eden space 14336K, 0% used [0x00000000eab00000,0x00000000eab00000,0x00000000eb900000)
  from space 5632K, 94% used [0x00000000eba00000,0x00000000ebf30eb0,0x00000000ebf80000)
  to   space 5632K, 0% used [0x00000000ebf80000,0x00000000ebf80000,0x00000000ec500000)
 ParOldGen       total 126976K, used 119072K [0x00000000c0000000, 0x00000000c7c00000, 0x00000000eab00000)
  object space 126976K, 93% used [0x00000000c0000000,0x00000000c7448180,0x00000000c7c00000)
 Metaspace       used 72829K, committed 73984K, reserved 1122304K
  class space    used 7712K, committed 8192K, reserved 1048576K
}
Event: 10120,751 GC heap before
{Heap before GC invocations=75 (full 4):
 PSYoungGen      total 19968K, used 19651K [0x00000000eab00000, 0x00000000ec500000, 0x0000000100000000)
  eden space 14336K, 100% used [0x00000000eab00000,0x00000000eb900000,0x00000000eb900000)
  from space 5632K, 94% used [0x00000000eba00000,0x00000000ebf30eb0,0x00000000ebf80000)
  to   space 5632K, 0% used [0x00000000ebf80000,0x00000000ebf80000,0x00000000ec500000)
 ParOldGen       total 126976K, used 119072K [0x00000000c0000000, 0x00000000c7c00000, 0x00000000eab00000)
  object space 126976K, 93% used [0x00000000c0000000,0x00000000c7448180,0x00000000c7c00000)
 Metaspace       used 72903K, committed 74048K, reserved 1122304K
  class space    used 7712K, committed 8192K, reserved 1048576K
}
Event: 10120,762 GC heap after
{Heap after GC invocations=75 (full 4):
 PSYoungGen      total 19456K, used 4851K [0x00000000eab00000, 0x00000000ec480000, 0x0000000100000000)
  eden space 14336K, 0% used [0x00000000eab00000,0x00000000eab00000,0x00000000eb900000)
  from space 5120K, 94% used [0x00000000ebf80000,0x00000000ec43cea0,0x00000000ec480000)
  to   space 5120K, 0% used [0x00000000eba80000,0x00000000eba80000,0x00000000ebf80000)
 ParOldGen       total 126976K, used 119080K [0x00000000c0000000, 0x00000000c7c00000, 0x00000000eab00000)
  object space 126976K, 93% used [0x00000000c0000000,0x00000000c744a180,0x00000000c7c00000)
 Metaspace       used 72903K, committed 74048K, reserved 1122304K
  class space    used 7712K, committed 8192K, reserved 1048576K
}
Event: 10121,686 GC heap before
{Heap before GC invocations=76 (full 4):
 PSYoungGen      total 19456K, used 19187K [0x00000000eab00000, 0x00000000ec480000, 0x0000000100000000)
  eden space 14336K, 100% used [0x00000000eab00000,0x00000000eb900000,0x00000000eb900000)
  from space 5120K, 94% used [0x00000000ebf80000,0x00000000ec43cea0,0x00000000ec480000)
  to   space 5120K, 0% used [0x00000000eba80000,0x00000000eba80000,0x00000000ebf80000)
 ParOldGen       total 126976K, used 119080K [0x00000000c0000000, 0x00000000c7c00000, 0x00000000eab00000)
  object space 126976K, 93% used [0x00000000c0000000,0x00000000c744a180,0x00000000c7c00000)
 Metaspace       used 72970K, committed 74112K, reserved 1122304K
  class space    used 7712K, committed 8192K, reserved 1048576K
}
Event: 10121,693 GC heap after
{Heap after GC invocations=76 (full 4):
 PSYoungGen      total 19456K, used 5091K [0x00000000eab00000, 0x00000000ec600000, 0x0000000100000000)
  eden space 14336K, 0% used [0x00000000eab00000,0x00000000eab00000,0x00000000eb900000)
  from space 5120K, 99% used [0x00000000eba80000,0x00000000ebf78eb0,0x00000000ebf80000)
  to   space 6656K, 0% used [0x00000000ebf80000,0x00000000ebf80000,0x00000000ec600000)
 ParOldGen       total 126976K, used 120224K [0x00000000c0000000, 0x00000000c7c00000, 0x00000000eab00000)
  object space 126976K, 94% used [0x00000000c0000000,0x00000000c7568180,0x00000000c7c00000)
 Metaspace       used 72970K, committed 74112K, reserved 1122304K
  class space    used 7712K, committed 8192K, reserved 1048576K
}
Event: 10122,103 GC heap before
{Heap before GC invocations=77 (full 4):
 PSYoungGen      total 19456K, used 19427K [0x00000000eab00000, 0x00000000ec600000, 0x0000000100000000)
  eden space 14336K, 100% used [0x00000000eab00000,0x00000000eb900000,0x00000000eb900000)
  from space 5120K, 99% used [0x00000000eba80000,0x00000000ebf78eb0,0x00000000ebf80000)
  to   space 6656K, 0% used [0x00000000ebf80000,0x00000000ebf80000,0x00000000ec600000)
 ParOldGen       total 126976K, used 120224K [0x00000000c0000000, 0x00000000c7c00000, 0x00000000eab00000)
  object space 126976K, 94% used [0x00000000c0000000,0x00000000c7568180,0x00000000c7c00000)
 Metaspace       used 72983K, committed 74112K, reserved 1122304K
  class space    used 7713K, committed 8192K, reserved 1048576K
}
Event: 10122,120 GC heap after
{Heap after GC invocations=77 (full 4):
 PSYoungGen      total 20480K, used 5747K [0x00000000eab00000, 0x00000000ec580000, 0x0000000100000000)
  eden space 14336K, 0% used [0x00000000eab00000,0x00000000eab00000,0x00000000eb900000)
  from space 6144K, 93% used [0x00000000ebf80000,0x00000000ec51cec0,0x00000000ec580000)
  to   space 6144K, 0% used [0x00000000eb980000,0x00000000eb980000,0x00000000ebf80000)
 ParOldGen       total 126976K, used 120248K [0x00000000c0000000, 0x00000000c7c00000, 0x00000000eab00000)
  object space 126976K, 94% used [0x00000000c0000000,0x00000000c756e180,0x00000000c7c00000)
 Metaspace       used 72983K, committed 74112K, reserved 1122304K
  class space    used 7713K, committed 8192K, reserved 1048576K
}
Event: 10122,458 GC heap before
{Heap before GC invocations=78 (full 4):
 PSYoungGen      total 20480K, used 20083K [0x00000000eab00000, 0x00000000ec580000, 0x0000000100000000)
  eden space 14336K, 100% used [0x00000000eab00000,0x00000000eb900000,0x00000000eb900000)
  from space 6144K, 93% used [0x00000000ebf80000,0x00000000ec51cec0,0x00000000ec580000)
  to   space 6144K, 0% used [0x00000000eb980000,0x00000000eb980000,0x00000000ebf80000)
 ParOldGen       total 126976K, used 120248K [0x00000000c0000000, 0x00000000c7c00000, 0x00000000eab00000)
  object space 126976K, 94% used [0x00000000c0000000,0x00000000c756e180,0x00000000c7c00000)
 Metaspace       used 73056K, committed 74240K, reserved 1122304K
  class space    used 7713K, committed 8192K, reserved 1048576K
}
Event: 10122,474 GC heap after
{Heap after GC invocations=78 (full 4):
 PSYoungGen      total 20480K, used 6121K [0x00000000eab00000, 0x00000000ecc00000, 0x0000000100000000)
  eden space 14336K, 0% used [0x00000000eab00000,0x00000000eab00000,0x00000000eb900000)
  from space 6144K, 99% used [0x00000000eb980000,0x00000000ebf7a590,0x00000000ebf80000)
  to   space 9728K, 0% used [0x00000000ec280000,0x00000000ec280000,0x00000000ecc00000)
 ParOldGen       total 126976K, used 123064K [0x00000000c0000000, 0x00000000c7c00000, 0x00000000eab00000)
  object space 126976K, 96% used [0x00000000c0000000,0x00000000c782e180,0x00000000c7c00000)
 Metaspace       used 73056K, committed 74240K, reserved 1122304K
  class space    used 7713K, committed 8192K, reserved 1048576K
}
Event: 10122,656 GC heap before
{Heap before GC invocations=79 (full 4):
 PSYoungGen      total 20480K, used 20457K [0x00000000eab00000, 0x00000000ecc00000, 0x0000000100000000)
  eden space 14336K, 100% used [0x00000000eab00000,0x00000000eb900000,0x00000000eb900000)
  from space 6144K, 99% used [0x00000000eb980000,0x00000000ebf7a590,0x00000000ebf80000)
  to   space 9728K, 0% used [0x00000000ec280000,0x00000000ec280000,0x00000000ecc00000)
 ParOldGen       total 126976K, used 123064K [0x00000000c0000000, 0x00000000c7c00000, 0x00000000eab00000)
  object space 126976K, 96% used [0x00000000c0000000,0x00000000c782e180,0x00000000c7c00000)
 Metaspace       used 73116K, committed 74240K, reserved 1122304K
  class space    used 7719K, committed 8192K, reserved 1048576K
}
Event: 10122,691 GC heap after
{Heap after GC invocations=79 (full 4):
 PSYoungGen      total 19968K, used 9720K [0x00000000eab00000, 0x00000000ed400000, 0x0000000100000000)
  eden space 10240K, 0% used [0x00000000eab00000,0x00000000eab00000,0x00000000eb500000)
  from space 9728K, 99% used [0x00000000ec280000,0x00000000ecbfe020,0x00000000ecc00000)
  to   space 13824K, 0% used [0x00000000eb500000,0x00000000eb500000,0x00000000ec280000)
 ParOldGen       total 126976K, used 126278K [0x00000000c0000000, 0x00000000c7c00000, 0x00000000eab00000)
  object space 126976K, 99% used [0x00000000c0000000,0x00000000c7b51960,0x00000000c7c00000)
 Metaspace       used 73116K, committed 74240K, reserved 1122304K
  class space    used 7719K, committed 8192K, reserved 1048576K
}
Event: 10122,691 GC heap before
{Heap before GC invocations=80 (full 5):
 PSYoungGen      total 19968K, used 9720K [0x00000000eab00000, 0x00000000ed400000, 0x0000000100000000)
  eden space 10240K, 0% used [0x00000000eab00000,0x00000000eab00000,0x00000000eb500000)
  from space 9728K, 99% used [0x00000000ec280000,0x00000000ecbfe020,0x00000000ecc00000)
  to   space 13824K, 0% used [0x00000000eb500000,0x00000000eb500000,0x00000000ec280000)
 ParOldGen       total 126976K, used 126278K [0x00000000c0000000, 0x00000000c7c00000, 0x00000000eab00000)
  object space 126976K, 99% used [0x00000000c0000000,0x00000000c7b51960,0x00000000c7c00000)
 Metaspace       used 73116K, committed 74240K, reserved 1122304K
  class space    used 7719K, committed 8192K, reserved 1048576K
}

